proguard-project.txt
#The below is used for AdView SDK settings,only instead for your app

-ignorewarnings

-keep public class net.miidi.ad.wall.** {
*;
}
-libraryjars libs/Baidu_MobAds_SDK_Agg_3.0.jar
-keep class com.baidu.mobads.** {
  public protected *;
}

-libraryjars libs/AdViewSDK_Android.jar
-keep public class com.kyview.** {*;} 
-keeppackagenames com.madhouse.android.ads
-keepclassmembers class * {public *;}
-keep public class com.wqmobile.sdk.** {*;} 
-keep public class  com.wq.utility.** {*;}
-keep public class com.adwo.adsdk.AdwoAdBrowserActivity
-keep public class com.wooboo.** {*;}
-keep public class cn.aduu.adsdk.**{*;}

-keep public class cn.Immob.sdk.** {*;}
-keep public class cn.Immob.sdk.controller.** {*;}

-keep public class MobWin.*
-keep public class MobWin.cnst.*
-keep class com.tencent.lbsapi.*
-keep class com.tencent.lbsapi.core.*
-keep class LBSAPIProtocol.*
-keep class com.tencent.lbsapi.core.QLBSJNI {
*;
}

-keeppackagenames com.adchina.android.ads
-keeppackagenames com.adchina.android.ads.controllers
-keeppackagenames com.adchina.android.ads.views
-keeppackagenames com.adchina.android.ads.animations
-keep class com.adchina.android.ads.*{*;}
-keep class com.adchina.android.ads.controllers.*{*;}
-keep class com.adchina.android.ads.views.*{*;}
-keep class com.adchina.android.ads.animations.*{*;}

-optimizationpasses 5
-dontusemixedcaseclassnames
-dontskipnonpubliclibraryclasses
-dontpreverify
-verbose

-optimizations !code/simplification/arithmetic,!field/*,!class/merging/*

-keep public class * extends android.app.Activity
-keep public class * extends android.app.Application
-keep public class * extends android.app.Service
-keep public class * extends android.content.BroadcastReceiver
-keep public class * extends android.content.ContentProvider
-keep public class * extends android.app.backup.BackupAgentHelper
-keep public class * extends android.preference.Preference
-keep public class com.android.vending.licensing.ILicensingService

-keepclasseswithmembernames class * {
    native <methods>;
}

-keepclasseswithmembernames class * {
    public <init>(android.content.Context, android.util.AttributeSet);
}

-keepclasseswithmembernames class * {
    public <init>(android.content.Context, android.util.AttributeSet, int);
}

-keepclassmembers enum * {
    public static **[] values();
    public static ** valueOf(java.lang.String);
}

-keep class * implements android.os.Parcelable {
  public static final android.os.Parcelable$Creator *;
}