proguard/seeds.txt
nine.bolo.puzzle.BuildConfig: boolean DEBUG
nine.bolo.puzzle.BuildConfig: BuildConfig()
nine.bolo.puzzle.HelpActivity
nine.bolo.puzzle.HelpActivity: android.graphics.Paint paint
nine.bolo.puzzle.HelpActivity: android.graphics.Matrix matrix
nine.bolo.puzzle.HelpActivity: nine.bolo.puzzle.HelpActivity$HelpView helpView
nine.bolo.puzzle.HelpActivity: HelpActivity()
nine.bolo.puzzle.HelpActivity: boolean onCreateOptionsMenu(android.view.Menu)
nine.bolo.puzzle.HelpActivity$HelpView: void destroy()
nine.bolo.puzzle.HelpActivity$HelpView: HelpActivity$HelpView(nine.bolo.puzzle.HelpActivity,android.content.Context)
nine.bolo.puzzle.MainActivity
nine.bolo.puzzle.MainActivity: android.widget.ImageView imageView
nine.bolo.puzzle.MainActivity: android.app.ProgressDialog pDialog
nine.bolo.puzzle.MainActivity: android.os.Handler handler
nine.bolo.puzzle.MainActivity: MainActivity()
nine.bolo.puzzle.MainActivity: void gotoRankList()
nine.bolo.puzzle.MainActivity: boolean onCreateOptionsMenu(android.view.Menu)
nine.bolo.puzzle.MainActivity: boolean onMenuItemSelected(int,android.view.MenuItem)
nine.bolo.puzzle.MainActivity: boolean onKeyDown(int,android.view.KeyEvent)
nine.bolo.puzzle.MainActivity: void onClickAd()
nine.bolo.puzzle.MainActivity: void onDisplayAd()
nine.bolo.puzzle.MainActivity$1: void handleMessage(android.os.Message)
nine.bolo.puzzle.MainActivity$2: void onClick(android.view.View)
nine.bolo.puzzle.MainActivity$ThreadConnectServer: void run()
nine.bolo.puzzle.R: R()
nine.bolo.puzzle.R$array: int arr_date
nine.bolo.puzzle.R$array: int lv_array
nine.bolo.puzzle.R$array: int wh_array
nine.bolo.puzzle.R$array: R$array()
nine.bolo.puzzle.R$attr: R$attr()
nine.bolo.puzzle.R$drawable: int adbar
nine.bolo.puzzle.R$drawable: int back
nine.bolo.puzzle.R$drawable: int bird1
nine.bolo.puzzle.R$drawable: int cat1
nine.bolo.puzzle.R$drawable: int cat2
nine.bolo.puzzle.R$drawable: int cat3
nine.bolo.puzzle.R$drawable: int cat4
nine.bolo.puzzle.R$drawable: int cat5
nine.bolo.puzzle.R$drawable: int cat6
nine.bolo.puzzle.R$drawable: int conew_bird1
nine.bolo.puzzle.R$drawable: int conew_cat1
nine.bolo.puzzle.R$drawable: int conew_cat2
nine.bolo.puzzle.R$drawable: int conew_cat3
nine.bolo.puzzle.R$drawable: int conew_cat4
nine.bolo.puzzle.R$drawable: int conew_cat5
nine.bolo.puzzle.R$drawable: int conew_cat6
nine.bolo.puzzle.R$drawable: int conew_county1
nine.bolo.puzzle.R$drawable: int conew_dog1
nine.bolo.puzzle.R$drawable: int conew_dog2
nine.bolo.puzzle.R$drawable: int conew_dog3
nine.bolo.puzzle.R$drawable: int conew_dog4
nine.bolo.puzzle.R$drawable: int conew_dog5
nine.bolo.puzzle.R$drawable: int conew_dog6
nine.bolo.puzzle.R$drawable: int conew_dog7
nine.bolo.puzzle.R$drawable: int conew_fox1
nine.bolo.puzzle.R$drawable: int conew_horse1
nine.bolo.puzzle.R$drawable: int conew_house1
nine.bolo.puzzle.R$drawable: int conew_koala1
nine.bolo.puzzle.R$drawable: int conew_lion
nine.bolo.puzzle.R$drawable: int conew_mouse1
nine.bolo.puzzle.R$drawable: int conew_ox1
nine.bolo.puzzle.R$drawable: int conew_road2
nine.bolo.puzzle.R$drawable: int conew_scene3
nine.bolo.puzzle.R$drawable: int conew_sea1
nine.bolo.puzzle.R$id: int button1
nine.bolo.puzzle.R$id: int goon
nine.bolo.puzzle.R$id: int imageView1
nine.bolo.puzzle.R$id: int listView1
nine.bolo.puzzle.R$id: int lvspin
nine.bolo.puzzle.R$id: int menu_settings
nine.bolo.puzzle.R$id: int moved
nine.bolo.puzzle.R$id: int myGrid
nine.bolo.puzzle.R$id: int rank
nine.bolo.puzzle.R$id: int ranklist
nine.bolo.puzzle.R$id: int replayc
nine.bolo.puzzle.R$id: int savename
nine.bolo.puzzle.R$id: int share
nine.bolo.puzzle.R$id: int spindate
nine.bolo.puzzle.R$id: int timeused
nine.bolo.puzzle.R$id: int username
nine.bolo.puzzle.R$id: int wallpaper
nine.bolo.puzzle.R$id: int whspin
nine.bolo.puzzle.R$id: R$id()
...
com.kyview.adapters.AduuInterfaceAdapter$webViewClient$2: void onClick(android.content.DialogInterface,int)
com.kyview.adapters.AdwoAdapter
com.kyview.adapters.AdwoAdapter: AdwoAdapter(com.kyview.AdViewLayout,com.kyview.obj.Ration)
com.kyview.adapters.AdwoAdapter: void handle()
com.kyview.adapters.AdwoAdapter: void onFailedToReceiveAd(com.adwo.adsdk.AdwoAdView)
com.kyview.adapters.AdwoAdapter: void onFailedToReceiveAd(com.adwo.adsdk.AdwoAdView,com.adwo.adsdk.ErrorCode)
com.kyview.adapters.AdwoAdapter: void onFailedToReceiveRefreshedAd(com.adwo.adsdk.AdwoAdView)
com.kyview.adapters.AdwoAdapter: void onReceiveAd(com.adwo.adsdk.AdwoAdView)
com.kyview.adapters.AirAdAdapter
com.kyview.adapters.AirAdAdapter: com.mt.airad.AirAD airAD
com.kyview.adapters.AirAdAdapter: AirAdAdapter(com.kyview.AdViewLayout,com.kyview.obj.Ration)
com.kyview.adapters.AirAdAdapter: void handle()
com.kyview.adapters.AirAdAdapter: void onAdReceived()
com.kyview.adapters.AirAdAdapter: void onAdReceivedFailed(int)
com.kyview.adapters.AirAdAdapter: void onAdContentShow()
com.kyview.adapters.AirAdAdapter: void onAdContentLoadFinished()
com.kyview.adapters.AirAdAdapter: void onAdContentClose()
com.kyview.adapters.AirAdAdapter: void onAdBannerShown()
com.kyview.adapters.AppMediaAdapter
com.kyview.adapters.AppMediaAdapter: AppMediaAdapter(com.kyview.AdViewLayout,com.kyview.obj.Ration)
com.kyview.adapters.AppMediaAdapter: void handle()
com.kyview.adapters.AppMediaAdapter: void onReceiveAdFailure(cn.appmedia.ad.BannerAdView)
com.kyview.adapters.AppMediaAdapter: void onReceiveAdSuccess(cn.appmedia.ad.BannerAdView)
com.kyview.adapters.DisplayAduuADRunnable: DisplayAduuADRunnable(com.kyview.adapters.AduuInterfaceAdapter,java.lang.String)
com.kyview.adapters.DisplayAduuADRunnable: void run()
com.kyview.adapters.DisplayInmobiADRunnable: DisplayInmobiADRunnable(com.kyview.adapters.InmobiInterfaceAdapter)
com.kyview.adapters.DisplayInmobiADRunnable: void run()
com.kyview.adapters.DisplaySuizongADRunnable: DisplaySuizongADRunnable(com.kyview.adapters.SuizongInterfaceAdapter)
com.kyview.adapters.DisplaySuizongADRunnable: void run()
com.kyview.adapters.DomobAdapter
com.kyview.adapters.DomobAdapter: DomobAdapter(com.kyview.AdViewLayout,com.kyview.obj.Ration)
com.kyview.adapters.DomobAdapter: void handle()
com.kyview.adapters.DomobAdapter: void onDomobAdFailed(cn.domob.android.ads.DomobAdView,cn.domob.android.ads.DomobAdManager$ErrorCode)
com.kyview.adapters.DomobAdapter: void onDomobAdReturned(cn.domob.android.ads.DomobAdView)
com.kyview.adapters.DomobAdapter: void onDomobAdClicked(cn.domob.android.ads.DomobAdView)
com.kyview.adapters.DomobAdapter: void onDomobLeaveApplication(cn.domob.android.ads.DomobAdView)
com.kyview.adapters.DomobAdapter: void onDomobAdOverlayPresented(cn.domob.android.ads.DomobAdView)
com.kyview.adapters.DomobAdapter: void onDomobAdOverlayDismissed(cn.domob.android.ads.DomobAdView)
com.kyview.adapters.EventAdapter
com.kyview.adapters.EventAdapter: EventAdapter(com.kyview.AdViewLayout,com.kyview.obj.Ration)
com.kyview.adapters.EventAdapter: void handle()
com.kyview.adapters.FetchAduuADRunnable: FetchAduuADRunnable(com.kyview.adapters.AduuInterfaceAdapter,com.kyview.obj.Ration)
com.kyview.adapters.FetchAduuADRunnable: void run()
com.kyview.adapters.FetchInmobiADRunnable: FetchInmobiADRunnable(com.kyview.adapters.InmobiInterfaceAdapter,com.kyview.obj.Ration)
com.kyview.adapters.FetchInmobiADRunnable: void run()
com.kyview.adapters.FetchSuizongADRunnable: FetchSuizongADRunnable(com.kyview.adapters.SuizongInterfaceAdapter,com.kyview.obj.Ration)
com.kyview.adapters.FetchSuizongADRunnable: void run()