proguard/mapping.txt
nine.bolo.puzzle.HelpActivity -> nine.bolo.puzzle.HelpActivity:
    android.graphics.Paint paint -> paint
    android.graphics.Matrix matrix -> matrix
    nine.bolo.puzzle.HelpActivity$HelpView helpView -> helpView
    void onResume() -> onResume
    void onPause() -> onPause
    void onDestroy() -> onDestroy
    void onCreate(android.os.Bundle) -> onCreate
    boolean onCreateOptionsMenu(android.view.Menu) -> onCreateOptionsMenu
nine.bolo.puzzle.HelpActivity$HelpView -> nine.bolo.puzzle.a:
    android.graphics.Bitmap imgHelp -> b
    nine.bolo.puzzle.HelpActivity this$0 -> a
    void onDraw(android.graphics.Canvas) -> onDraw
    void destroy() -> destroy
nine.bolo.puzzle.MainActivity -> nine.bolo.puzzle.MainActivity:
    int SELECT_PICTURE -> a
    android.widget.RelativeLayout layout -> b
    nine.bolo.puzzle.view.GameView inGameView -> c
    android.widget.ImageView imageView -> imageView
    android.app.ProgressDialog pDialog -> pDialog
    java.io.File tempFile -> d
    int worldLevel -> e
    android.os.Handler handler -> handler
    com.google.ads.AdView adView -> f
    void onCreate(android.os.Bundle) -> onCreate
    void gotoRankList() -> gotoRankList
    void setupAds() -> a
    void changePic() -> b
    void onDestroy() -> onDestroy
    void onResume() -> onResume
    void onPause() -> onPause
    void onActivityResult(int,int,android.content.Intent) -> onActivityResult
    boolean onCreateOptionsMenu(android.view.Menu) -> onCreateOptionsMenu
    boolean onMenuItemSelected(int,android.view.MenuItem) -> onMenuItemSelected
    boolean onKeyDown(int,android.view.KeyEvent) -> onKeyDown
    void onClickAd() -> onClickAd
    void onDisplayAd() -> onDisplayAd
    void access$0(nine.bolo.puzzle.MainActivity,nine.bolo.puzzle.view.GameView) -> a
    android.widget.RelativeLayout access$1(nine.bolo.puzzle.MainActivity) -> a
    nine.bolo.puzzle.view.GameView access$2(nine.bolo.puzzle.MainActivity) -> b
    void access$3(nine.bolo.puzzle.MainActivity) -> c
    void access$4(nine.bolo.puzzle.MainActivity) -> d
nine.bolo.puzzle.MainActivity$1 -> nine.bolo.puzzle.b:
    nine.bolo.puzzle.MainActivity this$0 -> a
    void handleMessage(android.os.Message) -> handleMessage
nine.bolo.puzzle.MainActivity$ThreadConnectServer -> nine.bolo.puzzle.c:
    nine.bolo.puzzle.MainActivity this$0 -> a
    void run() -> run
nine.bolo.puzzle.RankActivity -> nine.bolo.puzzle.RankActivity:
    android.os.Handler handler -> handler
    int gametype -> c
    java.util.List data -> a
    java.util.ArrayList listData -> b
    android.widget.SimpleAdapter listItemAdapter -> d
    java.lang.String[] level -> e
    java.lang.String strDate -> f
    android.widget.ListView ranklist -> g
    boolean onMenuItemSelected(int,android.view.MenuItem) -> onMenuItemSelected
    void onCreate(android.os.Bundle) -> onCreate
    void setupAds() -> a
    void setupSpinner() -> b
    void setupList() -> c
    void sqliteQuery() -> d
    boolean onCreateOptionsMenu(android.view.Menu) -> onCreateOptionsMenu
    void onDestroy() -> onDestroy
    void onClickAd() -> onClickAd
    void onDisplayAd() -> onDisplayAd
    void onResume() -> onResume
    void onPause() -> onPause
    android.widget.SimpleAdapter access$0(nine.bolo.puzzle.RankActivity) -> a
    void access$1(nine.bolo.puzzle.RankActivity) -> b
    int access$2(nine.bolo.puzzle.RankActivity) -> c
    void access$3(nine.bolo.puzzle.RankActivity,java.lang.String[]) -> a
    void access$4(nine.bolo.puzzle.RankActivity) -> d
    void access$5(nine.bolo.puzzle.RankActivity,int) -> a
    void access$6(nine.bolo.puzzle.RankActivity,java.lang.String) -> a
    java.lang.String[] access$7(nine.bolo.puzzle.RankActivity) -> e
    java.lang.String access$8(nine.bolo.puzzle.RankActivity) -> f
nine.bolo.puzzle.RankActivity$1 -> nine.bolo.puzzle.d:
    android.app.ProgressDialog pDialog -> b
    nine.bolo.puzzle.RankActivity this$0 -> a
    void handleMessage(android.os.Message) -> handleMessage
...
android.support.v4.app.FragmentActivity$NonConfigurationInstances -> android.support.v4.app.k:
    java.lang.Object activity -> a
    java.lang.Object custom -> b
    java.util.HashMap children -> c
    java.util.ArrayList fragments -> d
    java.util.HashMap loaders -> e
android.support.v4.app.FragmentContainer -> android.support.v4.app.l:
    android.view.View findViewById(int) -> findViewById
android.support.v4.app.FragmentManager -> android.support.v4.app.m:
    int POP_BACK_STACK_INCLUSIVE -> POP_BACK_STACK_INCLUSIVE
    android.support.v4.app.FragmentTransaction beginTransaction() -> beginTransaction
    android.support.v4.app.FragmentTransaction openTransaction() -> openTransaction
    boolean executePendingTransactions() -> executePendingTransactions
    android.support.v4.app.Fragment findFragmentById(int) -> findFragmentById
    android.support.v4.app.Fragment findFragmentByTag(java.lang.String) -> findFragmentByTag
    void popBackStack() -> popBackStack
    boolean popBackStackImmediate() -> popBackStackImmediate
    void popBackStack(java.lang.String,int) -> popBackStack
    boolean popBackStackImmediate(java.lang.String,int) -> popBackStackImmediate
    void popBackStack(int,int) -> popBackStack
    boolean popBackStackImmediate(int,int) -> popBackStackImmediate
    int getBackStackEntryCount() -> getBackStackEntryCount
    android.support.v4.app.FragmentManager$BackStackEntry getBackStackEntryAt(int) -> getBackStackEntryAt
    void addOnBackStackChangedListener(android.support.v4.app.FragmentManager$OnBackStackChangedListener) -> addOnBackStackChangedListener
    void removeOnBackStackChangedListener(android.support.v4.app.FragmentManager$OnBackStackChangedListener) -> removeOnBackStackChangedListener
    void putFragment(android.os.Bundle,java.lang.String,android.support.v4.app.Fragment) -> putFragment
android.support.v4.app.FragmentManager$BackStackEntry -> android.support.v4.app.n:
    int getId() -> getId
    java.lang.String getName() -> getName
    int getBreadCrumbTitleRes() -> getBreadCrumbTitleRes
    int getBreadCrumbShortTitleRes() -> getBreadCrumbShortTitleRes
    java.lang.CharSequence getBreadCrumbTitle() -> getBreadCrumbTitle
    java.lang.CharSequence getBreadCrumbShortTitle() -> getBreadCrumbShortTitle
android.support.v4.app.FragmentManager$OnBackStackChangedListener -> android.support.v4.app.o:
    void onBackStackChanged() -> onBackStackChanged
android.support.v4.app.FragmentManagerImpl -> android.support.v4.app.p:
    boolean DEBUG -> a
    boolean HONEYCOMB -> b
    java.util.ArrayList mPendingActions -> c
    java.lang.Runnable[] mTmpActions -> d
    boolean mExecutingActions -> e
    java.util.ArrayList mActive -> f
    java.util.ArrayList mAdded -> g
    java.util.ArrayList mAvailIndices -> h
    java.util.ArrayList mBackStack -> i
    java.util.ArrayList mCreatedMenus -> j
    java.util.ArrayList mBackStackIndices -> k
    java.util.ArrayList mAvailBackStackIndices -> l
    java.util.ArrayList mBackStackChangeListeners -> m
    int mCurState -> n
    android.support.v4.app.FragmentActivity mActivity -> o
    android.support.v4.app.FragmentContainer mContainer -> p
    android.support.v4.app.Fragment mParent -> q
    boolean mNeedMenuInvalidate -> r
    boolean mStateSaved -> s
    boolean mDestroyed -> t
    java.lang.String mNoTransactionsBecause -> u
    boolean mHavePendingDeferredStart -> v
    android.os.Bundle mStateBundle -> w
    android.util.SparseArray mStateArray -> x
    java.lang.Runnable mExecCommit -> y
    android.view.animation.Interpolator DECELERATE_QUINT -> z
    android.view.animation.Interpolator DECELERATE_CUBIC -> A
    android.view.animation.Interpolator ACCELERATE_QUINT -> B
    android.view.animation.Interpolator ACCELERATE_CUBIC -> C
    int ANIM_STYLE_OPEN_ENTER -> ANIM_STYLE_OPEN_ENTER
    int ANIM_STYLE_OPEN_EXIT -> ANIM_STYLE_OPEN_EXIT